TN:
SF:periphery/Quoter.sol
FN:18,Quoter.quoteIssue
FNDA:1550,Quoter.quoteIssue
DA:21,1550
DA:23,1550
DA:24,21900
DA:26,21900
DA:29,1550
FN:36,Quoter.quoteRedeem
FNDA:1,Quoter.quoteRedeem
DA:39,1
DA:41,1
DA:42,10
DA:44,10
DA:47,1
FN:57,Quoter.quoteFulfillBounty
FNDA:257,Quoter.quoteFulfillBounty
DA:61,257
DA:63,257
DA:65,257
DA:67,257
DA:68,257
DA:70,257
DA:71,7138
DA:73,7138
DA:75,7138
DA:77,7138
BRDA:77,0,0,-
BRDA:77,0,1,2130
DA:78,2130
DA:84,2130
DA:86,5008
BRDA:86,1,0,-
BRDA:86,1,1,4963
DA:87,4963
DA:93,4963
DA:96,45
DA:105,257
FNF:3
FNH:3
LF:27
LH:27
BRF:4
BRH:2
end_of_record
TN:
SF:src/Governor.sol
FN:34,AlongsideGovernor.votingDelay
FNDA:259,AlongsideGovernor.votingDelay
DA:40,1030
FN:43,AlongsideGovernor.votingPeriod
FNDA:3,AlongsideGovernor.votingPeriod
DA:49,774
FN:52,AlongsideGovernor.quorum
FNDA:2,AlongsideGovernor.quorum
DA:60,773
FN:63,AlongsideGovernor.state
FNDA:256,AlongsideGovernor.state
DA:71,2314
FN:74,AlongsideGovernor.propose
FNDA:773,AlongsideGovernor.propose
DA:80,773
FN:83,AlongsideGovernor.proposalThreshold
FNDA:3,AlongsideGovernor.proposalThreshold
DA:89,776
FN:92,AlongsideGovernor.quorumDenominator
FNDA:2,AlongsideGovernor.quorumDenominator
DA:99,775
FN:102,AlongsideGovernor._execute
FNDA:256,AlongsideGovernor._execute
DA:109,256
FN:112,AlongsideGovernor._cancel
FNDA:0,AlongsideGovernor._cancel
DA:118,0
FN:121,AlongsideGovernor._executor
FNDA:1024,AlongsideGovernor._executor
DA:127,1024
FN:130,AlongsideGovernor.supportsInterface
FNDA:0,AlongsideGovernor.supportsInterface
DA:133,0
FNF:11
FNH:9
LF:11
LH:9
BRF:0
BRH:0
end_of_record
TN:
SF:src/IndexToken.sol
FN:36,IndexToken.initialize
FNDA:263,IndexToken.initialize
DA:37,263
BRDA:37,0,0,1
BRDA:37,0,1,262
DA:40,262
DA:41,262
DA:48,262
DA:50,262
DA:53,262
DA:64,262
FN:75,IndexToken.mint
FNDA:3434,IndexToken.mint
DA:76,3433
FN:83,IndexToken.burn
FNDA:1283,IndexToken.burn
DA:84,1282
FN:93,IndexToken.minter
FNDA:259,IndexToken.minter
DA:95,5239
FNF:4
FNH:4
LF:10
LH:10
BRF:2
BRH:2
end_of_record
TN:
SF:src/Vault.sol
FN:91,Vault.setIssuance
FNDA:260,Vault.setIssuance
DA:92,4
BRDA:92,0,0,1
BRDA:92,0,1,3
DA:93,3
DA:94,3
FN:100,Vault.setRebalancer
FNDA:258,Vault.setRebalancer
DA:101,2
BRDA:101,1,0,1
BRDA:101,1,1,1
DA:102,1
DA:103,1
FN:109,Vault.setFeeRecipient
FNDA:259,Vault.setFeeRecipient
DA:110,3
BRDA:110,2,0,1
BRDA:110,2,1,2
DA:111,2
DA:112,2
FN:118,Vault.setEmergencyResponder
FNDA:258,Vault.setEmergencyResponder
DA:121,2
BRDA:121,3,0,1
BRDA:121,3,1,1
DA:122,1
DA:123,1
FN:129,Vault.setInflationRate
FNDA:260,Vault.setInflationRate
DA:130,4
BRDA:130,4,0,1
BRDA:130,4,1,3
DA:131,1
DA:133,3
DA:134,3
FN:140,Vault.setEmergency
FNDA:3,Vault.setEmergency
DA:141,1
DA:142,1
FN:148,Vault.tryInflation
FNDA:2568,Vault.tryInflation
DA:149,2568
BRDA:149,5,0,668
BRDA:149,5,1,1900
DA:150,668
DA:151,1900
DA:152,1900
DA:153,1900
DA:154,1900
BRDA:154,6,0,1
BRDA:154,6,1,1899
DA:156,1899
DA:158,1899
DA:163,1899
DA:164,1899
DA:165,28455
DA:173,1899
DA:174,1899
DA:175,1899
FN:183,Vault.invokeSetNominals
FNDA:794,Vault.invokeSetNominals
DA:186,794
DA:187,21111
FN:194,Vault.invokeSetNominal
FNDA:2,Vault.invokeSetNominal
DA:197,1
FN:206,Vault.invokeMint
FNDA:1550,Vault.invokeMint
DA:210,1549
FN:217,Vault.invokeBurn
FNDA:1290,Vault.invokeBurn
DA:218,1289
FN:226,Vault.invokeERC20s
FNDA:2085,Vault.invokeERC20s
DA:229,2085
DA:230,2085
DA:231,20138
DA:233,20138
FN:240,Vault.invokeERC20
FNDA:4,Vault.invokeERC20
DA:241,3
FN:249,Vault.isUnderlying
FNDA:32665,Vault.isUnderlying
DA:250,81900
FN:257,Vault.virtualUnits
FNDA:28342,Vault.virtualUnits
DA:258,28342
FN:263,Vault.virtualUnits
FNDA:6219,Vault.virtualUnits
DA:264,13647
DA:265,13647
DA:267,13647
DA:269,13647
DA:270,208385
DA:271,208385
DA:274,13647
FN:279,Vault.underlying
FNDA:7,Vault.underlying
DA:280,7
FN:285,Vault.underlyingLength
FNDA:832,Vault.underlyingLength
DA:286,832
FN:292,Vault.invariantCheck
FNDA:3630,Vault.invariantCheck
DA:293,5529
DA:295,5529
DA:296,89133
DA:301,89133
BRDA:300,7,0,1
BRDA:300,7,1,89132
DA:303,1
DA:306,89132
FN:313,Vault._setNominal
FNDA:49567,Vault._setNominal
DA:314,49567
DA:315,49567
DA:317,49567
BRDA:317,8,0,332
BRDA:317,8,1,49235
DA:318,332
DA:319,332
DA:320,332
DA:323,49235
BRDA:323,9,0,17255
BRDA:323,9,1,49235
DA:324,17255
DA:327,49235
FN:330,Vault._invokeERC20
FNDA:20141,Vault._invokeERC20
DA:331,20141
FNF:21
FNH:21
LF:69
LH:69
BRF:20
BRH:20
end_of_record
TN:
SF:src/invoke/ActiveBounty.sol
FN:18,ActiveBounty.setHash
FNDA:1056,ActiveBounty.setHash
DA:19,1056
BRDA:19,0,0,257
BRDA:19,0,1,799
DA:20,799
DA:21,799
FNF:1
FNH:1
LF:3
LH:3
BRF:2
BRH:2
end_of_record
TN:
SF:src/invoke/Bounty.sol
FN:63,InvokeableBounty.fulfillBounty
FNDA:1058,InvokeableBounty.fulfillBounty
DA:67,1057
DA:69,1057
BRDA:69,0,0,1
BRDA:69,0,1,1056
DA:70,1
DA:72,1056
BRDA:72,1,0,1
BRDA:72,1,1,1055
DA:74,1055
BRDA:74,2,0,1
BRDA:74,2,1,1054
DA:76,1054
BRDA:76,3,0,256
BRDA:76,3,1,798
DA:77,256
DA:79,798
DA:81,798
DA:86,798
DA:88,798
BRDA:88,4,0,1
BRDA:88,4,1,797
DA:89,1
DA:92,797
DA:94,797
BRDA:94,5,0,1
BRDA:94,5,1,540
DA:95,541
DA:101,796
BRDA:101,6,0,1
BRDA:101,6,1,795
DA:102,1
DA:106,795
DA:107,18980
DA:115,794
BRDA:115,7,0,-
BRDA:115,7,1,794
DA:116,0
DA:119,794
DA:121,794
DA:122,794
FN:127,InvokeableBounty.hashBounty
FNDA:797,InvokeableBounty.hashBounty
DA:130,1854
DA:131,1854
FN:143,InvokeableBounty._quote
FNDA:798,InvokeableBounty._quote
DA:155,798
DA:157,798
DA:159,798
DA:162,798
DA:163,798
DA:165,798
DA:166,21204
DA:168,21204
BRDA:168,8,0,3904
BRDA:168,8,1,21204
DA:171,21204
DA:173,21204
DA:175,21204
BRDA:175,9,0,-
BRDA:175,9,1,2133
DA:176,2133
DA:183,2133
DA:185,19071
BRDA:185,10,0,-
BRDA:185,10,1,18985
DA:186,18985
DA:192,18985
DA:196,86
DA:199,21118
DA:205,798
DA:215,798
FN:218,InvokeableBounty._intoTokenInfo
FNDA:541,InvokeableBounty._intoTokenInfo
DA:221,541
DA:223,541
DA:224,3
FNF:4
FNH:4
LF:49
LH:48
BRF:22
BRH:19
end_of_record
TN:
SF:src/invoke/Issuance.sol
FN:40,Issuance.issue
FNDA:1550,Issuance.issue
DA:41,1550
DA:43,1550
BRDA:43,0,0,1
BRDA:43,0,1,1549
DA:45,1549
DA:46,21881
DA:48,21881
DA:55,21880
DA:59,1548
FN:66,Issuance.redeem
FNDA:1289,Issuance.redeem
DA:67,1289
DA:69,1289
BRDA:69,1,0,1
BRDA:69,1,1,1288
DA:71,1288
DA:75,1288
DA:76,18005
DA:78,18005
DA:85,18005
DA:89,1288
DA:91,1288
FNF:2
FNH:2
LF:16
LH:16
BRF:4
BRH:4
end_of_record
TN:
SF:src/lib/VArray.sol
FN:14,VerifiableAddressArray.size
FNDA:0,VerifiableAddressArray.size
DA:15,0
FN:18,VerifiableAddressArray.add
FNDA:0,VerifiableAddressArray.add
DA:19,0
BRDA:19,0,0,-
BRDA:19,0,1,-
DA:20,0
DA:22,0
DA:23,0
DA:24,0
FN:28,VerifiableAddressArray.remove
FNDA:0,VerifiableAddressArray.remove
DA:29,0
BRDA:29,1,0,-
BRDA:29,1,1,-
DA:30,0
DA:33,0
DA:35,0
BRDA:35,2,0,-
BRDA:35,2,1,-
DA:36,0
DA:37,0
DA:38,0
DA:39,0
DA:42,0
DA:43,0
DA:45,0
DA:47,0
DA:48,0
DA:50,0
DA:51,0
FN:54,VerifiableAddressArray.includes
FNDA:0,VerifiableAddressArray.includes
DA:58,0
FN:61,VerifiableAddressArray.toStorageArray
FNDA:0,VerifiableAddressArray.toStorageArray
DA:64,0
FN:67,VerifiableAddressArray.toMemoryArray
FNDA:0,VerifiableAddressArray.toMemoryArray
DA:70,0
DA:71,0
DA:73,0
DA:75,0
DA:76,0
DA:79,0
FNF:6
FNH:0
LF:29
LH:0
BRF:6
BRH:0
end_of_record
TN:
SF:src/scripts/Config.sol
FN:64,InitialBountyHelper.tokens
FNDA:3,InitialBountyHelper.tokens
DA:65,3
DA:66,3
DA:67,3
DA:68,3
DA:69,3
DA:70,3
DA:71,3
DA:72,3
DA:73,3
DA:74,3
DA:75,3
DA:76,3
DA:77,3
DA:78,3
DA:79,3
DA:80,3
DA:81,3
FNF:1
FNH:1
LF:17
LH:17
BRF:0
BRH:0
end_of_record
TN:
SF:src/scripts/CoreDeploy.s.sol
FN:31,CoreDeployScript.run
FNDA:0,CoreDeployScript.run
DA:32,0
DA:34,0
DA:36,0
DA:43,0
DA:48,0
DA:52,0
DA:56,0
DA:60,0
DA:64,0
DA:69,0
DA:83,0
DA:84,0
DA:86,0
DA:87,0
DA:88,0
DA:91,0
DA:99,0
DA:100,0
FN:103,CoreDeployScript.deployVault
FNDA:0,CoreDeployScript.deployVault
DA:111,0
DA:119,0
DA:120,0
DA:123,0
DA:125,0
DA:126,0
DA:128,0
DA:130,0
FN:133,CoreDeployScript.deployIssuance
FNDA:0,CoreDeployScript.deployIssuance
DA:134,0
DA:136,0
FN:139,CoreDeployScript.deployBounty
FNDA:0,CoreDeployScript.deployBounty
DA:143,0
DA:145,0
DA:152,0
FNF:4
FNH:0
LF:31
LH:0
BRF:0
BRH:0
end_of_record
TN:
SF:test/BaseTest.t.sol
FN:9,BaseTest.rangeCheck
FNDA:0,BaseTest.rangeCheck
DA:15,0
DA:16,0
DA:17,0
DA:19,0
DA:20,0
DA:22,0
BRDA:22,0,0,-
BRDA:22,0,1,-
FN:25,BaseTest._resetTimeAndBlock
FNDA:0,BaseTest._resetTimeAndBlock
DA:29,0
DA:30,0
FN:33,BaseTest._warpForward
FNDA:0,BaseTest._warpForward
DA:34,0
DA:35,0
FNF:3
FNH:0
LF:10
LH:0
BRF:2
BRH:0
end_of_record
TN:
SF:test/Dealer.t.sol
FN:22,Dealer.dealToken
FNDA:24163,Dealer.dealToken
DA:23,24163
DA:24,24163
BRDA:24,0,0,22769
BRDA:24,0,1,1394
DA:25,22769
DA:28,1394
FN:32,Dealer._isNormalAsset
FNDA:24163,Dealer._isNormalAsset
DA:33,24163
DA:34,24163
BRDA:34,1,0,1394
BRDA:34,1,1,22769
DA:35,1394
DA:38,22769
FN:41,Dealer._dealLDO
FNDA:1394,Dealer._dealLDO
DA:42,1394
DA:43,1394
DA:44,1394
FNF:3
FNH:3
LF:11
LH:11
BRF:4
BRH:4
end_of_record
TN:
SF:test/core/State.t.sol
FN:34,StatefulTest.setUp
FNDA:0,StatefulTest.setUp
DA:35,0
DA:37,0
DA:39,0
DA:47,0
DA:49,0
DA:51,0
DA:58,0
DA:59,0
FN:62,StatefulTest.seedInitial
FNDA:0,StatefulTest.seedInitial
DA:65,0
DA:66,0
BRDA:66,0,0,-
BRDA:66,0,1,-
DA:67,0
DA:69,0
DA:70,0
DA:72,0
FN:75,StatefulTest.fulfillBounty
FNDA:0,StatefulTest.fulfillBounty
DA:76,0
DA:77,0
FN:80,StatefulTest.validateBounty
FNDA:0,StatefulTest.validateBounty
DA:81,0
DA:82,0
DA:83,0
FN:86,StatefulTest.mint
FNDA:0,StatefulTest.mint
DA:87,0
DA:88,0
DA:89,0
DA:93,0
DA:96,0
FN:99,StatefulTest.burn
FNDA:0,StatefulTest.burn
DA:100,0
DA:101,0
FN:104,StatefulTest.rebalanceCallback
FNDA:0,StatefulTest.rebalanceCallback
FN:113,Mocks.ascendingTokenNominalsMock
FNDA:0,Mocks.ascendingTokenNominalsMock
DA:117,0
BRDA:117,0,0,-
BRDA:117,0,1,-
DA:118,0
DA:119,0
DA:120,0
DA:129,0
DA:131,0
DA:133,0
FN:137,Mocks.bountyMock
FNDA:0,Mocks.bountyMock
DA:140,0
DA:141,0
FNF:9
FNH:0
LF:35
LH:0
BRF:4
BRH:0
end_of_record
TN:
SF:test/mocks/MockMintableToken.sol
FN:68,ERC20.approve
FNDA:20237,ERC20.approve
DA:72,20237
DA:74,20237
DA:76,20237
FN:79,ERC20.transfer
FNDA:2637,ERC20.transfer
DA:83,2637
DA:88,2637
DA:91,2637
DA:93,2637
FN:96,ERC20.transferFrom
FNDA:19951,ERC20.transferFrom
DA:101,19951
DA:103,19951
BRDA:103,0,0,16681
BRDA:103,0,1,19950
DA:104,16681
DA:106,19950
DA:111,19949
DA:114,19949
DA:116,19949
FN:123,ERC20.permit
FNDA:0,ERC20.permit
DA:132,0
BRDA:132,1,0,-
BRDA:132,1,1,-
DA:137,0
DA:161,0
BRDA:161,2,0,-
BRDA:161,2,1,-
DA:166,0
DA:169,0
FN:172,ERC20.DOMAIN_SEPARATOR
FNDA:0,ERC20.DOMAIN_SEPARATOR
DA:173,0
DA:174,0
FN:179,ERC20.computeDomainSeparator
FNDA:0,ERC20.computeDomainSeparator
DA:180,0
DA:181,0
FN:198,ERC20._mint
FNDA:2962,ERC20._mint
DA:199,2962
DA:204,2962
DA:207,2962
FN:210,ERC20._burn
FNDA:264,ERC20._burn
DA:211,264
DA:216,264
DA:219,264
FN:233,MockMintableToken.mint
FNDA:2962,MockMintableToken.mint
DA:234,2962
FN:237,MockMintableToken.burn
FNDA:264,MockMintableToken.burn
DA:238,264
FNF:10
FNH:7
LF:31
LH:22
BRF:6
BRH:2
end_of_record
TN:
SF:test/symbolic/SymbolicIssuance.t.sol
FN:12,SymbolicIssuanceTest.check_issuance_formula
FNDA:0,SymbolicIssuanceTest.check_issuance_formula
DA:16,0
DA:17,0
DA:18,0
DA:19,0
DA:20,0
DA:23,0
DA:24,0
DA:28,0
DA:29,0
DA:32,0
DA:33,0
DA:36,0
DA:43,0
DA:44,0
DA:47,0
DA:48,0
DA:51,0
FNF:1
FNH:0
LF:17
LH:0
BRF:0
BRH:0
end_of_record
TN:
SF:test/symbolic/SymbolicState.t.sol
FN:158,SymbolicSeedInitialTest.check_seedInitial_3
FNDA:0,SymbolicSeedInitialTest.check_seedInitial_3
DA:159,0
FN:31,SymbolicStatefulTest.setUp
FNDA:0,SymbolicStatefulTest.setUp
DA:32,0
DA:39,0
DA:41,0
DA:50,0
DA:52,0
DA:54,0
DA:61,0
DA:62,0
FN:65,SymbolicStatefulTest.seedInitial
FNDA:0,SymbolicStatefulTest.seedInitial
DA:68,0
BRDA:68,0,0,-
BRDA:68,0,1,-
DA:69,0
DA:71,0
DA:72,0
DA:74,0
FN:77,SymbolicStatefulTest.fulfillBounty
FNDA:0,SymbolicStatefulTest.fulfillBounty
DA:78,0
DA:79,0
FN:82,SymbolicStatefulTest.validateBounty
FNDA:0,SymbolicStatefulTest.validateBounty
DA:83,0
DA:84,0
DA:85,0
FN:88,SymbolicStatefulTest.mint
FNDA:0,SymbolicStatefulTest.mint
DA:89,0
DA:90,0
DA:91,0
DA:94,0
FN:97,SymbolicStatefulTest.burn
FNDA:0,SymbolicStatefulTest.burn
DA:98,0
DA:99,0
FN:102,SymbolicStatefulTest.rebalanceCallback
FNDA:0,SymbolicStatefulTest.rebalanceCallback
FN:107,SymbolicStatefulTest.ascendingTokenNominalsMock
FNDA:0,SymbolicStatefulTest.ascendingTokenNominalsMock
DA:111,0
BRDA:111,1,0,-
BRDA:111,1,1,-
DA:112,0
DA:113,0
DA:114,0
DA:129,0
DA:130,0
DA:138,0
DA:140,0
FN:144,SymbolicStatefulTest.bountyMock
FNDA:0,SymbolicStatefulTest.bountyMock
DA:147,0
DA:148,0
FNF:10
FNH:0
LF:35
LH:0
BRF:4
BRH:0
end_of_record
TN:
SF:test/symbolic/SymbolicVault.t.sol
FN:11,SymbolicVaultTest.check_inflation
FNDA:0,SymbolicVaultTest.check_inflation
DA:15,0
DA:16,0
DA:17,0
DA:18,0
DA:19,0
FN:22,SymbolicVaultTest.inflationTestHelper
FNDA:0,SymbolicVaultTest.inflationTestHelper
DA:26,0
DA:27,0
DA:28,0
DA:29,0
DA:30,0
DA:31,0
DA:32,0
DA:33,0
DA:34,0
DA:35,0
DA:36,0
DA:37,0
DA:41,0
DA:45,0
DA:46,0
DA:47,0
FNF:2
FNH:0
LF:21
LH:0
BRF:0
BRH:0
end_of_record
TN:
SF:test/upgrade/helpers/Gnosis.t.sol
FN:64,GnosisTest.enableSimulation
FNDA:0,GnosisTest.enableSimulation
DA:65,0
DA:66,0
DA:67,0
DA:68,0
DA:69,0
DA:74,0
DA:76,0
DA:77,0
FN:80,GnosisTest.getSignature
FNDA:0,GnosisTest.getSignature
DA:92,0
DA:105,0
DA:106,0
DA:107,0
FN:110,GnosisTest.executeBatchData
FNDA:0,GnosisTest.executeBatchData
DA:111,0
FN:114,GnosisTest.getBatchExecutionData
FNDA:0,GnosisTest.getBatchExecutionData
DA:117,0
DA:118,0
DA:119,0
DA:129,0
DA:133,0
FN:136,GnosisTest.executeData
FNDA:0,GnosisTest.executeData
DA:141,0
DA:142,0
DA:143,0
DA:144,0
DA:145,0
DA:146,0
DA:147,0
DA:148,0
DA:160,0
DA:161,0
FNF:5
FNH:0
LF:28
LH:0
BRF:0
BRH:0
end_of_record
TN:
SF:test/upgrade/helpers/UpgradePreparation.t.sol
FN:41,UpgradePreparationTest.setUp
FNDA:0,UpgradePreparationTest.setUp
DA:42,0
DA:46,0
DA:47,0
DA:48,0
DA:49,0
DA:50,0
DA:51,0
DA:52,0
FN:57,UpgradePreparationTest.setDeployedContracts
FNDA:0,UpgradePreparationTest.setDeployedContracts
DA:58,0
DA:60,0
DA:61,0
DA:62,0
DA:63,0
DA:64,0
DA:65,0
DA:66,0
DA:67,0
DA:68,0
DA:69,0
DA:70,0
DA:71,0
DA:72,0
FN:86,UpgradePreparationTest.checkSafeBalances
FNDA:0,UpgradePreparationTest.checkSafeBalances
DA:88,0
DA:89,0
DA:90,0
DA:91,0
FN:98,UpgradePreparationTest.createUpgradeBatch
FNDA:0,UpgradePreparationTest.createUpgradeBatch
DA:100,0
DA:101,0
DA:102,0
DA:105,0
DA:106,0
DA:117,0
DA:124,0
DA:128,0
DA:137,0
DA:143,0
DA:157,0
DA:168,0
DA:177,0
DA:186,0
DA:195,0
DA:202,0
FN:209,UpgradePreparationTest.warpForward
FNDA:0,UpgradePreparationTest.warpForward
DA:210,0
DA:211,0
FN:216,UpgradePreparationTest.mockSafeBalances
FNDA:0,UpgradePreparationTest.mockSafeBalances
DA:217,0
DA:218,0
DA:219,0
DA:220,0
DA:221,0
FNF:6
FNH:0
LF:49
LH:0
BRF:0
BRH:0
end_of_record
TN:
SF:test/upgrade/helpers/Upgraded.t.sol
FN:9,UpgradedTest.setUp
FNDA:0,UpgradedTest.setUp
DA:10,0
DA:11,0
FN:17,UpgradedTest.executeUpgradeBundle
FNDA:0,UpgradedTest.executeUpgradeBundle
DA:18,0
DA:19,0
DA:20,0
FNF:2
FNH:0
LF:5
LH:0
BRF:0
BRH:0
end_of_record
