TN:
SF:src/Governor.sol
FN:34,AlongsideGovernor.votingDelay
FNDA:3,AlongsideGovernor.votingDelay
DA:40,5
FN:43,AlongsideGovernor.votingPeriod
FNDA:2,AlongsideGovernor.votingPeriod
DA:49,4
FN:52,AlongsideGovernor.quorum
FNDA:2,AlongsideGovernor.quorum
DA:60,5
FN:63,AlongsideGovernor.state
FNDA:0,AlongsideGovernor.state
DA:71,7
FN:74,AlongsideGovernor.propose
FNDA:2,AlongsideGovernor.propose
DA:80,2
FN:83,AlongsideGovernor.proposalThreshold
FNDA:2,AlongsideGovernor.proposalThreshold
DA:89,4
FN:92,AlongsideGovernor._execute
FNDA:1,AlongsideGovernor._execute
DA:99,1
FN:102,AlongsideGovernor._cancel
FNDA:0,AlongsideGovernor._cancel
DA:108,0
FN:111,AlongsideGovernor._executor
FNDA:4,AlongsideGovernor._executor
DA:117,4
FN:120,AlongsideGovernor.supportsInterface
FNDA:0,AlongsideGovernor.supportsInterface
DA:123,0
FNF:10
FNH:7
LF:10
LH:8
BRF:0
BRH:0
end_of_record
TN:
SF:src/IndexToken.sol
FN:36,IndexToken.initialize
FNDA:1,IndexToken.initialize
DA:37,1
BRDA:37,0,0,1
BRDA:37,0,1,-
DA:40,0
DA:41,0
DA:48,0
DA:50,0
DA:53,0
DA:64,0
FN:75,IndexToken.mint
FNDA:776,IndexToken.mint
DA:76,775
FN:83,IndexToken.burn
FNDA:515,IndexToken.burn
DA:84,514
FN:93,IndexToken.minter
FNDA:258,IndexToken.minter
DA:95,1550
FNF:4
FNH:4
LF:10
LH:4
BRF:2
BRH:1
end_of_record
TN:
SF:src/Vault.sol
FN:92,Vault.setIssuance
FNDA:257,Vault.setIssuance
DA:93,1
DA:94,1
FN:100,Vault.setRebalancer
FNDA:257,Vault.setRebalancer
DA:101,1
DA:102,1
FN:108,Vault.setFeeRecipient
FNDA:259,Vault.setFeeRecipient
DA:109,3
DA:110,3
FN:116,Vault.setEmergencyResponder
FNDA:257,Vault.setEmergencyResponder
DA:119,1
DA:120,1
FN:126,Vault.setFeeScaled
FNDA:259,Vault.setFeeScaled
DA:127,3
BRDA:127,0,0,1
BRDA:127,0,1,2
DA:128,1
DA:131,2
DA:132,2
DA:133,2
FN:139,Vault.setEmergency
FNDA:2,Vault.setEmergency
DA:140,0
DA:141,0
FN:148,Vault.tryInflation
FNDA:1782,Vault.tryInflation
DA:149,1784
DA:151,1784
DA:156,1784
DA:158,1784
BRDA:158,1,0,-
BRDA:158,1,1,521
DA:159,521
DA:162,521
DA:163,521
DA:165,521
BRDA:165,2,0,-
BRDA:165,2,1,521
DA:166,521
DA:167,521
DA:171,1784
FN:179,Vault.invokeSetNominals
FNDA:474,Vault.invokeSetNominals
DA:182,474
DA:183,3776
FN:190,Vault.invokeSetNominal
FNDA:2,Vault.invokeSetNominal
DA:193,1
FN:200,Vault.invokeSetMultiplier
FNDA:476,Vault.invokeSetMultiplier
DA:203,475
FN:212,Vault.invokeMint
FNDA:269,Vault.invokeMint
DA:216,268
FN:223,Vault.invokeBurn
FNDA:522,Vault.invokeBurn
DA:224,521
FN:232,Vault.invokeERC20s
FNDA:995,Vault.invokeERC20s
DA:235,995
DA:236,995
DA:237,7761
DA:239,7761
FN:246,Vault.invokeERC20
FNDA:3,Vault.invokeERC20
DA:247,2
FN:255,Vault.isUnderlying
FNDA:4712,Vault.isUnderlying
DA:256,8488
FN:263,Vault.virtualUnits
FNDA:3795,Vault.virtualUnits
DA:264,38865
FN:269,Vault.virtualUnits
FNDA:2,Vault.virtualUnits
DA:270,2
DA:271,2
DA:273,2
DA:275,2
DA:276,25
DA:277,25
DA:280,2
FN:285,Vault.realUnits
FNDA:10,Vault.realUnits
DA:286,10
DA:287,10
FN:292,Vault.realUnits
FNDA:1317,Vault.realUnits
DA:293,2578
DA:294,2578
DA:296,2578
DA:298,2578
DA:300,2578
DA:301,35060
DA:302,35060
DA:308,2578
FN:313,Vault.underlying
FNDA:10,Vault.underlying
DA:314,10
FN:319,Vault.underlyingLength
FNDA:509,Vault.underlyingLength
DA:320,509
FN:329,Vault.multiplier
FNDA:734,Vault.multiplier
DA:339,7148
FN:354,Vault.invariantCheck
FNDA:1261,Vault.invariantCheck
DA:355,1261
DA:358,1261
DA:363,1261
DA:364,15490
DA:366,15490
BRDA:365,3,0,-
BRDA:365,3,1,15490
DA:368,0
DA:371,15490
FN:377,Vault.intradayMultiplier
FNDA:781,Vault.intradayMultiplier
DA:378,2042
DA:379,2042
DA:385,2042
BRDA:385,4,0,-
BRDA:385,4,1,2042
DA:386,0
DA:388,2042
FN:393,Vault._setNominal
FNDA:3777,Vault._setNominal
DA:394,3777
DA:395,3777
DA:397,3777
BRDA:397,5,0,1
BRDA:397,5,1,3776
DA:398,1
DA:399,1
DA:400,1
DA:403,3776
BRDA:403,6,0,3757
BRDA:403,6,1,3776
DA:404,3757
DA:407,3776
FN:410,Vault._invokeERC20
FNDA:7763,Vault._invokeERC20
DA:411,7763
FN:414,Vault._computeRealUnits
FNDA:35070,Vault._computeRealUnits
DA:418,35070
FNF:27
FNH:27
LF:82
LH:78
BRF:14
BRH:10
end_of_record
TN:
SF:src/invoke/ActiveBounty.sol
FN:18,ActiveBounty.setHash
FNDA:478,ActiveBounty.setHash
DA:19,478
BRDA:19,0,0,1
BRDA:19,0,1,477
DA:20,477
DA:21,477
FNF:1
FNH:1
LF:3
LH:3
BRF:2
BRH:2
end_of_record
TN:
SF:src/invoke/Bounty.sol
FN:94,InvokeableBounty.fulfillBounty
FNDA:480,InvokeableBounty.fulfillBounty
DA:98,479
DA:100,479
BRDA:100,0,0,1
BRDA:100,0,1,478
DA:101,1
DA:103,478
BRDA:103,1,0,1
BRDA:103,1,1,477
DA:105,477
BRDA:105,2,0,1
BRDA:105,2,1,476
DA:107,476
DA:109,476
DA:111,476
DA:113,476
DA:118,476
DA:120,476
BRDA:120,3,0,1
BRDA:120,3,1,475
DA:121,1
DA:124,475
DA:126,475
BRDA:126,4,0,1
BRDA:126,4,1,474
DA:127,475
DA:130,474
BRDA:130,5,0,-
BRDA:130,5,1,474
DA:131,0
DA:135,474
DA:136,3775
DA:144,474
BRDA:144,6,0,-
BRDA:144,6,1,474
DA:145,0
DA:148,474
DA:149,474
DA:151,474
DA:152,474
FN:158,InvokeableBounty.quoteBounty
FNDA:1,InvokeableBounty.quoteBounty
DA:161,1
DA:163,1
DA:165,1
DA:167,1
DA:172,1
DA:174,1
DA:175,1
FN:178,InvokeableBounty._quote
FNDA:477,InvokeableBounty._quote
DA:190,477
DA:192,477
DA:194,477
DA:197,477
DA:198,477
DA:199,477
DA:201,477
DA:202,3795
DA:204,3795
BRDA:204,7,0,34
BRDA:204,7,1,3795
DA:207,3795
DA:209,3795
DA:214,3795
BRDA:214,8,0,-
BRDA:214,8,1,1
DA:215,1
DA:225,1
DA:227,3794
BRDA:227,9,0,-
BRDA:227,9,1,3780
DA:228,3780
DA:237,3780
DA:241,14
DA:244,3781
DA:247,3781
DA:259,477
FN:264,InvokeableBounty.hashBounty
FNDA:476,InvokeableBounty.hashBounty
DA:267,955
DA:268,955
FN:278,InvokeableBounty.intoTokenInfo
FNDA:476,InvokeableBounty.intoTokenInfo
DA:281,476
DA:283,476
DA:284,1
FNF:5
FNH:5
LF:58
LH:56
BRF:20
BRH:16
end_of_record
TN:
SF:src/invoke/Issuance.sol
FN:41,Issuance.issue
FNDA:268,Issuance.issue
DA:42,268
DA:43,268
DA:45,268
BRDA:45,0,0,-
BRDA:45,0,1,268
DA:47,268
DA:52,268
DA:53,3951
DA:58,3951
DA:65,3950
DA:69,267
FN:76,Issuance.redeem
FNDA:520,Issuance.redeem
DA:77,520
DA:78,520
DA:80,520
BRDA:80,1,0,-
BRDA:80,1,1,520
DA:82,520
DA:86,520
DA:87,7760
DA:89,7760
DA:96,7760
DA:100,520
DA:102,520
FN:109,Issuance.quote
FNDA:12,Issuance.quote
DA:110,12
DA:112,12
DA:113,120
DA:116,12
FNF:3
FNH:3
LF:23
LH:23
BRF:4
BRH:2
end_of_record
TN:
SF:src/lib/Multiplier.sol
FN:23,Multiplier.computeMultiplier
FNDA:4,Multiplier.computeMultiplier
DA:37,4
BRDA:37,0,0,1
BRDA:37,0,1,3
DA:38,1
DA:41,3
DA:43,3
DA:44,3
DA:48,3
DA:49,3
BRDA:49,1,0,6
BRDA:49,1,1,2
DA:50,2
DA:51,6
DA:54,6
DA:58,2
DA:61,3
DA:63,3
DA:65,3
BRDA:65,2,0,1
BRDA:65,2,1,2
DA:66,1
DA:69,1
DA:74,2
FNF:1
FNH:1
LF:17
LH:17
BRF:6
BRH:6
end_of_record
TN:
SF:src/lib/VArray.sol
FN:14,VerifiableAddressArray.size
FNDA:0,VerifiableAddressArray.size
DA:15,0
FN:18,VerifiableAddressArray.add
FNDA:0,VerifiableAddressArray.add
DA:19,0
BRDA:19,0,0,-
BRDA:19,0,1,-
DA:20,0
DA:22,0
DA:23,0
DA:24,0
FN:28,VerifiableAddressArray.remove
FNDA:0,VerifiableAddressArray.remove
DA:29,0
BRDA:29,1,0,-
BRDA:29,1,1,-
DA:30,0
DA:33,0
DA:35,0
BRDA:35,2,0,-
BRDA:35,2,1,-
DA:36,0
DA:37,0
DA:38,0
DA:39,0
DA:42,0
DA:43,0
DA:45,0
DA:47,0
DA:48,0
DA:50,0
DA:51,0
FN:54,VerifiableAddressArray.includes
FNDA:0,VerifiableAddressArray.includes
DA:58,0
FN:61,VerifiableAddressArray.toStorageArray
FNDA:0,VerifiableAddressArray.toStorageArray
DA:64,0
FN:67,VerifiableAddressArray.toMemoryArray
FNDA:0,VerifiableAddressArray.toMemoryArray
DA:70,0
DA:71,0
DA:73,0
DA:75,0
DA:76,0
DA:79,0
FNF:6
FNH:0
LF:29
LH:0
BRF:6
BRH:0
end_of_record
TN:
SF:src/scripts/Config.sol
FN:63,InitialBountyHelper.tokens
FNDA:3,InitialBountyHelper.tokens
DA:64,3
DA:69,3
DA:70,3
DA:71,3
DA:72,3
DA:73,3
DA:74,3
DA:75,3
DA:76,3
DA:77,3
DA:78,3
DA:79,3
DA:80,3
DA:81,3
DA:82,3
DA:83,3
DA:89,3
FNF:1
FNH:1
LF:17
LH:17
BRF:0
BRH:0
end_of_record
TN:
SF:src/scripts/__0__CoreDeploy.s.sol
FN:29,CoreDeployScript.run
FNDA:0,CoreDeployScript.run
DA:30,0
DA:32,0
DA:34,0
DA:41,0
DA:46,0
DA:50,0
DA:54,0
DA:58,0
DA:62,0
DA:67,0
DA:81,0
DA:82,0
DA:83,0
DA:86,0
DA:94,0
DA:95,0
FN:98,CoreDeployScript.deployVault
FNDA:0,CoreDeployScript.deployVault
DA:106,0
DA:114,0
DA:115,0
DA:118,0
DA:120,0
DA:121,0
DA:123,0
DA:125,0
FN:128,CoreDeployScript.deployIssuance
FNDA:0,CoreDeployScript.deployIssuance
DA:129,0
DA:131,0
FN:134,CoreDeployScript.deployBounty
FNDA:0,CoreDeployScript.deployBounty
DA:138,0
DA:140,0
DA:147,0
FNF:4
FNH:0
LF:29
LH:0
BRF:0
BRH:0
end_of_record
TN:
SF:src/scripts/__1__MultisigStep1.s.sol
FN:11,MultisigStep1Script.run
FNDA:0,MultisigStep1Script.run
DA:16,0
DA:17,0
DA:18,0
DA:24,0
DA:27,0
DA:28,0
DA:29,0
DA:30,0
FNF:1
FNH:0
LF:8
LH:0
BRF:0
BRH:0
end_of_record
TN:
SF:src/scripts/__2__MultisigStep2.s.sol
FN:11,MultisigStep2Script.run
FNDA:0,MultisigStep2Script.run
DA:18,0
DA:19,0
DA:24,0
DA:25,0
DA:26,0
DA:27,0
DA:28,0
FNF:1
FNH:0
LF:7
LH:0
BRF:0
BRH:0
end_of_record
TN:
SF:test/BaseTest.t.sol
FN:4,BaseTest.rangeCheck
FNDA:0,BaseTest.rangeCheck
DA:10,0
DA:11,0
DA:12,0
DA:14,0
DA:15,0
DA:17,0
BRDA:17,0,0,-
BRDA:17,0,1,-
FN:20,BaseTest.warpForward
FNDA:0,BaseTest.warpForward
DA:21,0
DA:22,0
FNF:2
FNH:0
LF:8
LH:0
BRF:2
BRH:0
end_of_record
TN:
SF:test/Dealer.t.sol
FN:16,Dealer.dealToken
FNDA:3840,Dealer.dealToken
DA:17,3840
DA:18,3840
BRDA:18,0,0,3584
BRDA:18,0,1,256
DA:19,3584
DA:21,256
FN:25,Dealer._isNormalAsset
FNDA:3840,Dealer._isNormalAsset
DA:28,3840
DA:29,3840
BRDA:29,1,0,-
BRDA:29,1,1,256
DA:30,256
DA:33,3584
FN:36,Dealer._dealNonNormalAsset
FNDA:256,Dealer._dealNonNormalAsset
DA:42,256
DA:43,256
FNF:3
FNH:3
LF:10
LH:10
BRF:4
BRH:3
end_of_record
TN:
SF:test/core/State.t.sol
FN:102,Mocks.ascendingTokenNominalsMock
FNDA:0,Mocks.ascendingTokenNominalsMock
DA:106,0
BRDA:106,0,0,-
BRDA:106,0,1,-
DA:107,0
DA:108,0
DA:109,0
DA:118,0
DA:120,0
DA:122,0
FN:126,Mocks.bountyMock
FNDA:0,Mocks.bountyMock
DA:129,0
DA:130,0
FN:30,StatefulTest.setUp
FNDA:0,StatefulTest.setUp
DA:31,0
DA:33,0
DA:35,0
DA:43,0
DA:45,0
DA:52,0
DA:53,0
FN:56,StatefulTest.seedInitial
FNDA:0,StatefulTest.seedInitial
DA:59,0
BRDA:59,0,0,-
BRDA:59,0,1,-
DA:60,0
DA:62,0
DA:63,0
DA:65,0
FN:68,StatefulTest.fulfillBounty
FNDA:0,StatefulTest.fulfillBounty
DA:69,0
DA:70,0
FN:73,StatefulTest.validateBounty
FNDA:0,StatefulTest.validateBounty
DA:74,0
DA:75,0
DA:76,0
FN:79,StatefulTest.mint
FNDA:0,StatefulTest.mint
DA:80,0
DA:81,0
DA:82,0
DA:85,0
FN:88,StatefulTest.burn
FNDA:0,StatefulTest.burn
DA:89,0
DA:90,0
FN:93,StatefulTest.rebalanceCallback
FNDA:0,StatefulTest.rebalanceCallback
FNF:9
FNH:0
LF:32
LH:0
BRF:4
BRH:0
end_of_record
TN:
SF:test/core/lib/Multiplier.t.sol
FN:10,MultiplierHelper.computeMultiplier
FNDA:4,MultiplierHelper.computeMultiplier
DA:24,4
DA:29,4
DA:34,3
FNF:1
FNH:1
LF:3
LH:3
BRF:0
BRH:0
end_of_record
TN:
SF:test/mocks/MockMintableToken.sol
FN:233,MockMintableToken.mint
FNDA:34,MockMintableToken.mint
DA:234,34
FN:237,MockMintableToken.burn
FNDA:9,MockMintableToken.burn
DA:238,9
FN:68,ERC20.approve
FNDA:3899,ERC20.approve
DA:72,3899
DA:74,3899
DA:76,3899
FN:79,ERC20.transfer
FNDA:83,ERC20.transfer
DA:83,83
DA:88,83
DA:91,83
DA:93,83
FN:96,ERC20.transferFrom
FNDA:3886,ERC20.transferFrom
DA:101,3886
DA:103,3886
BRDA:103,0,0,3867
BRDA:103,0,1,3885
DA:104,3867
DA:106,3885
DA:111,3885
DA:114,3885
DA:116,3885
FN:123,ERC20.permit
FNDA:0,ERC20.permit
DA:132,0
BRDA:132,1,0,-
BRDA:132,1,1,-
DA:137,0
DA:161,0
BRDA:161,2,0,-
BRDA:161,2,1,-
DA:166,0
DA:169,0
FN:172,ERC20.DOMAIN_SEPARATOR
FNDA:0,ERC20.DOMAIN_SEPARATOR
DA:173,0
DA:174,0
FN:179,ERC20.computeDomainSeparator
FNDA:0,ERC20.computeDomainSeparator
DA:180,0
DA:181,0
FN:198,ERC20._mint
FNDA:34,ERC20._mint
DA:199,34
DA:204,34
DA:207,34
FN:210,ERC20._burn
FNDA:9,ERC20._burn
DA:211,9
DA:216,9
DA:219,9
FNF:10
FNH:7
LF:31
LH:22
BRF:6
BRH:2
end_of_record
TN:
SF:test/scripts/__0__CoreDeploy.t.sol
FN:28,__0__CoreDeployTest.setUp
FNDA:0,__0__CoreDeployTest.setUp
DA:29,0
DA:30,0
FN:33,__0__CoreDeployTest.forkMainnet
FNDA:0,__0__CoreDeployTest.forkMainnet
DA:34,0
DA:35,0
DA:36,0
DA:37,0
DA:38,0
DA:39,0
FN:42,__0__CoreDeployTest.deployContracts
FNDA:0,__0__CoreDeployTest.deployContracts
DA:43,0
DA:44,0
DA:45,0
DA:46,0
DA:47,0
DA:48,0
DA:49,0
DA:50,0
DA:51,0
DA:52,0
DA:53,0
FNF:3
FNH:0
LF:19
LH:0
BRF:0
BRH:0
end_of_record
TN:
SF:test/scripts/__1__MultisigStep1.t.sol
FN:12,__1__MultisigStep1Test.setUp
FNDA:0,__1__MultisigStep1Test.setUp
DA:13,0
DA:14,0
DA:15,0
DA:16,0
FN:23,__1__MultisigStep1Test.mockBalancesAndApprovals
FNDA:0,__1__MultisigStep1Test.mockBalancesAndApprovals
DA:24,0
DA:25,0
DA:26,0
DA:27,0
DA:29,0
DA:30,0
DA:31,0
DA:32,0
DA:33,0
DA:36,0
FNF:2
FNH:0
LF:14
LH:0
BRF:0
BRH:0
end_of_record
TN:
SF:test/scripts/__2__MultisigStep2.t.sol
FN:8,__2__MultisigStep2Test.setUp
FNDA:0,__2__MultisigStep2Test.setUp
DA:9,0
DA:10,0
DA:11,0
FNF:1
FNH:0
LF:3
LH:0
BRF:0
BRH:0
end_of_record
TN:
SF:test/upgrade/helpers/Gnosis.t.sol
FN:64,GnosisTest.enableSimulation
FNDA:0,GnosisTest.enableSimulation
DA:65,0
DA:66,0
DA:67,0
DA:68,0
DA:69,0
DA:74,0
DA:76,0
DA:77,0
FN:80,GnosisTest.getSignature
FNDA:0,GnosisTest.getSignature
DA:92,0
DA:105,0
DA:106,0
DA:107,0
FN:110,GnosisTest.executeBatch
FNDA:0,GnosisTest.executeBatch
DA:113,0
DA:114,0
DA:115,0
FN:118,GnosisTest.getBatchExecutionData
FNDA:0,GnosisTest.getBatchExecutionData
DA:121,0
DA:122,0
DA:123,0
DA:133,0
DA:137,0
FN:140,GnosisTest.executeData
FNDA:0,GnosisTest.executeData
DA:145,0
DA:146,0
DA:147,0
DA:148,0
DA:149,0
DA:150,0
DA:151,0
DA:152,0
DA:164,0
DA:165,0
FNF:5
FNH:0
LF:30
LH:0
BRF:0
BRH:0
end_of_record
TN:
SF:test/upgrade/helpers/Upgrade.t.sol
FN:31,UpgradeTest.setUp
FNDA:0,UpgradeTest.setUp
DA:32,0
DA:33,0
DA:35,0
DA:36,0
DA:37,0
DA:38,0
DA:39,0
DA:40,0
FN:43,UpgradeTest.setDeployedContracts
FNDA:0,UpgradeTest.setDeployedContracts
DA:44,0
DA:45,0
DA:46,0
DA:47,0
DA:50,0
DA:51,0
DA:54,0
DA:57,0
DA:61,0
DA:64,0
DA:67,0
DA:68,0
DA:69,0
DA:70,0
DA:71,0
DA:72,0
DA:73,0
DA:74,0
DA:75,0
DA:76,0
DA:77,0
DA:78,0
FN:81,UpgradeTest.mockSafeBalances
FNDA:0,UpgradeTest.mockSafeBalances
DA:82,0
DA:83,0
DA:84,0
DA:85,0
FN:93,UpgradeTest.checkSafeBalances
FNDA:0,UpgradeTest.checkSafeBalances
DA:95,0
DA:96,0
DA:97,0
DA:98,0
FN:105,UpgradeTest.createUpgradeBatch
FNDA:0,UpgradeTest.createUpgradeBatch
DA:107,0
DA:108,0
DA:109,0
DA:112,0
DA:113,0
DA:124,0
DA:130,0
DA:134,0
DA:143,0
DA:149,0
DA:163,0
DA:174,0
DA:183,0
DA:192,0
DA:201,0
DA:208,0
FNF:5
FNH:0
LF:54
LH:0
BRF:0
BRH:0
end_of_record
